<?xml version="1.0" encoding="UTF-8"?>
<!-- Generated by org.testng.reporters.JUnitXMLReporter -->
<testsuite ignored="0" hostname="DESKTOP-66BG48H" failures="0" tests="3" name="Surefire test" time="8.768" errors="0" timestamp="2026-05-24T22:04:14 GMT+07:00">
  <testcase classname="com.mycompany.app.AppTest" name="shouldAnswerWithTrue" time="0.008"/>
  <testcase classname="tests.ui.LoginTest" name="testLoginSuccess" time="1.644"/>
  <testcase classname="tests.ui.SampleTest" name="testGoogle" time="1.611"/>
</testsuite> <!-- Surefire test -->
