<?xml version="1.0" encoding="UTF-8"?>
<!-- Generated by org.testng.reporters.JUnitReportReporter -->
<testsuite hostname="DESKTOP-66BG48H" failures="0" tests="3" name="tests.ui.LoginTest" time="11.882" errors="0" timestamp="2026-06-11T21:12:15 GMT+07:00" skipped="0">
  <testcase classname="tests.ui.LoginTest" name="loginTest" time="3.474"/>
  <testcase classname="tests.ui.LoginTest" name="loginTest" time="3.818"/>
  <testcase classname="tests.ui.LoginTest" name="loginTest" time="4.590"/>
</testsuite> <!-- tests.ui.LoginTest -->
